This is pdfTeX, Version 3.14159265-2.6-1.40.21 (TeX Live 2020) (preloaded format=pdflatex 2020.5.15)  9 JUN 2020 12:44
entering extended mode
 restricted \write18 enabled.
 file:line:error style messages enabled.
 %&-line parsing enabled.
**"/Users/raminasser/OneDrive - mail.tau.ac.il/Study/statistics/Thesis/deep_nmf/documents/sumarry.tex"
(/Users/raminasser/OneDrive - mail.tau.ac.il/Study/statistics/Thesis/deep_nmf/documents/sumarry.tex
LaTeX2e <2020-02-02> patch level 5
L3 programming layer <2020-05-11> (/usr/local/texlive/2020/texmf-dist/tex/latex/base/article.cls
Document Class: article 2019/12/20 v1.4l Standard LaTeX document class
(/usr/local/texlive/2020/texmf-dist/tex/latex/base/size10.clo
File: size10.clo 2019/12/20 v1.4l Standard LaTeX file (size option)
)
\c@part=\count167
\c@section=\count168
\c@subsection=\count169
\c@subsubsection=\count170
\c@paragraph=\count171
\c@subparagraph=\count172
\c@figure=\count173
\c@table=\count174
\abovecaptionskip=\skip47
\belowcaptionskip=\skip48
\bibindent=\dimen134
) (/usr/local/texlive/2020/texmf-dist/tex/latex/l3backend/l3backend-pdfmode.def
File: l3backend-pdfmode.def 2020-05-05 L3 backend support: PDF mode
\l__kernel_color_stack_int=\count175
\l__pdf_internal_box=\box45
) (/Users/raminasser/OneDrive - mail.tau.ac.il/Study/statistics/Thesis/deep_nmf/documents/sumarry.aux)
\openout1 = `sumarry.aux'.

LaTeX Font Info:    Checking defaults for OML/cmm/m/it on input line 7.
LaTeX Font Info:    ... okay on input line 7.
LaTeX Font Info:    Checking defaults for OMS/cmsy/m/n on input line 7.
LaTeX Font Info:    ... okay on input line 7.
LaTeX Font Info:    Checking defaults for OT1/cmr/m/n on input line 7.
LaTeX Font Info:    ... okay on input line 7.
LaTeX Font Info:    Checking defaults for T1/cmr/m/n on input line 7.
LaTeX Font Info:    ... okay on input line 7.
LaTeX Font Info:    Checking defaults for TS1/cmr/m/n on input line 7.
LaTeX Font Info:    ... okay on input line 7.
LaTeX Font Info:    Checking defaults for OMX/cmex/m/n on input line 7.
LaTeX Font Info:    ... okay on input line 7.
LaTeX Font Info:    Checking defaults for U/cmr/m/n on input line 7.
LaTeX Font Info:    ... okay on input line 7.

/Users/raminasser/OneDrive - mail.tau.ac.il/Study/statistics/Thesis/deep_nmf/documents/sumarry.tex:9: You can't use `macro parameter character #' in vertical mode.
l.9 #
     # Unconstrained NMF
Sorry, but I'm not programmed to handle this case;
I'll just pretend that you didn't ask for it.
If you're in the wrong mode, you might be able to
return to the right one by typing `I}' or `I$' or `I\par'.

/Users/raminasser/OneDrive - mail.tau.ac.il/Study/statistics/Thesis/deep_nmf/documents/sumarry.tex:9: You can't use `macro parameter character #' in vertical mode.
l.9 ##
       Unconstrained NMF
Sorry, but I'm not programmed to handle this case;
I'll just pretend that you didn't ask for it.
If you're in the wrong mode, you might be able to
return to the right one by typing `I}' or `I$' or `I\par'.

LaTeX Font Info:    External font `cmex10' loaded for size
(Font)              <7> on input line 10.
LaTeX Font Info:    External font `cmex10' loaded for size
(Font)              <5> on input line 10.
/Users/raminasser/OneDrive - mail.tau.ac.il/Study/statistics/Thesis/deep_nmf/documents/sumarry.tex:18: Undefined control sequence.
l.18 $\hat{W},\hat{H} = \underset
                                 {W\geq0,H\geq0}{\operatorname{argmin}} d_{\...
The control sequence at the end of the top line
of your error message was never \def'ed. If you have
misspelled it (e.g., `\hobx'), type `I' and the correct
spelling (e.g., `I\hbox'). Otherwise just continue,
and I'll forget about whatever was undefined.

/Users/raminasser/OneDrive - mail.tau.ac.il/Study/statistics/Thesis/deep_nmf/documents/sumarry.tex:18: Undefined control sequence.
l.18 ...} = \underset{W\geq0,H\geq0}{\operatorname
                                                  {argmin}} d_{\beta}(V|WH)$
The control sequence at the end of the top line
of your error message was never \def'ed. If you have
misspelled it (e.g., `\hobx'), type `I' and the correct
spelling (e.g., `I\hbox'). Otherwise just continue,
and I'll forget about whatever was undefined.

/Users/raminasser/OneDrive - mail.tau.ac.il/Study/statistics/Thesis/deep_nmf/documents/sumarry.tex:27: Undefined control sequence.
l.27 $H \gets H \odot \dfrac
                            {W^T[V \odot(WH)^{\beta-2}]}{W^T(WH)^{\beta-1}}$
The control sequence at the end of the top line
of your error message was never \def'ed. If you have
misspelled it (e.g., `\hobx'), type `I' and the correct
spelling (e.g., `I\hbox'). Otherwise just continue,
and I'll forget about whatever was undefined.

/Users/raminasser/OneDrive - mail.tau.ac.il/Study/statistics/Thesis/deep_nmf/documents/sumarry.tex:29: Undefined control sequence.
l.29 >>>>$W \gets H \odot \dfrac
                                {W^T[V \odot(WH)^{\beta-2}]}{W^T(WH)^{\beta-...
The control sequence at the end of the top line
of your error message was never \def'ed. If you have
misspelled it (e.g., `\hobx'), type `I' and the correct
spelling (e.g., `I\hbox'). Otherwise just continue,
and I'll forget about whatever was undefined.

[1

{/usr/local/texlive/2020/texmf-var/fonts/map/pdftex/updmap/pdftex.map}] (/Users/raminasser/OneDrive - mail.tau.ac.il/Study/statistics/Thesis/deep_nmf/documents/sumarry.aux) ) 
Here is how much of TeX's memory you used:
 364 strings out of 480488
 7045 string characters out of 5899970
 239949 words of memory out of 5000000
 16461 multiletter control sequences out of 15000+600000
 532338 words of font info for 24 fonts, out of 8000000 for 9000
 1141 hyphenation exceptions out of 8191
 25i,4n,19p,217b,97s stack positions out of 5000i,500n,10000p,200000b,80000s
</usr/local/texlive/2020/texmf-dist/fonts/type1/public/amsfonts/cm/cmmi10.pfb></usr/local/texlive/2020/texmf-dist/fonts/type1/public/amsfonts/cm/cmmi7.pfb></usr/local/texlive/2020/texmf-dist/fonts/type1/public/amsfonts/cm/cmr10.pfb></usr/local/texlive/2020/texmf-dist/fonts/type1/public/amsfonts/cm/cmr7.pfb></usr/local/texlive/2020/texmf-dist/fonts/type1/public/amsfonts/cm/cmsy10.pfb></usr/local/texlive/2020/texmf-dist/fonts/type1/public/amsfonts/cm/cmsy7.pfb>
Output written on "/Users/raminasser/OneDrive - mail.tau.ac.il/Study/statistics/Thesis/deep_nmf/documents/sumarry.pdf" (1 page, 60585 bytes).
PDF statistics:
 32 PDF objects out of 1000 (max. 8388607)
 22 compressed objects within 1 object stream
 0 named destinations out of 1000 (max. 500000)
 1 words of extra memory for PDF output out of 10000 (max. 10000000)

